2026-03-31 12:29:38 [DEBUG] Calcolo net debt: debt=128.7, cash=346.9, ebitda_gp_v5=497.3
2026-03-31 12:29:39 [DEBUG] [ENXTPA:GTT] DCF: {'fv': Decimal('252.91'), 'ebitda_gp': 0.30369868467134986, 'ebitda_gnp': 0.02242752443870466, 'fcf': 0.02971585199640714, 'net_debt': -0.4387693545143776} (valuta: EUR)
2026-03-31 12:29:39 [INFO] [ENXTPA:GTT] EBITDA GP  v1=172.15099999999998  v5=497.3  CAGR=0.30369868467134986
2026-03-31 12:29:39 [DEBUG] [ENXTPA:GTT] Attesa intra-ticker 0.3 s prima di EV/EBITDA...
2026-03-31 12:29:40 [DEBUG] [ENXTPA:GTT] EV/EBITDA fv_mid: 205.30 (valuta: EUR)
2026-03-31 12:29:40 [DEBUG]   [Energy] fv -> col 8 = 252.91
2026-03-31 12:29:40 [DEBUG]   [Energy] ev_ebitda -> col 12 = 205.30
2026-03-31 12:29:40 [DEBUG]   [Energy] ebitda_gp -> col 26 = 0.30369868467134986
2026-03-31 12:29:40 [DEBUG]   [Energy] ebitda_gnp -> col 29 = 0.02242752443870466
2026-03-31 12:29:40 [DEBUG]   [Energy] fcf -> col 32 = 0.02971585199640714
2026-03-31 12:29:40 [DEBUG]   [Energy] net_debt -> col 35 = -0.4387693545143776
2026-03-31 12:29:40 [DEBUG] Calcolo net debt: debt=34519, cash=2427, ebitda_gp_v5=1926.0
2026-03-31 12:29:41 [DEBUG] [TASE:DLEKG] DCF: {'fv': Decimal('323.94'), 'ebitda_gp': -0.20992845966670315, 'ebitda_gnp': 0.0, 'fcf': -5.568503514385981e-05, 'net_debt': 16.66251298026999} (valuta: ILS)
2026-03-31 12:29:41 [INFO] [TASE:DLEKG] EBITDA GP  v1=4943.0  v5=1926.0  CAGR=-0.20992845966670315
2026-03-31 12:29:41 [DEBUG] [TASE:DLEKG] Attesa intra-ticker 0.4 s prima di EV/EBITDA...
2026-03-31 12:29:42 [DEBUG] [TASE:DLEKG] EV/EBITDA fv_mid: 267.22 (valuta: ILS)
2026-03-31 12:29:42 [DEBUG]   [Energy] fv -> col 8 = 323.94
2026-03-31 12:29:42 [DEBUG]   [Energy] ev_ebitda -> col 12 = 267.22
2026-03-31 12:29:42 [DEBUG]   [Energy] ebitda_gp -> col 26 = -0.20992845966670315
2026-03-31 12:29:42 [DEBUG]   [Energy] ebitda_gnp -> col 29 = 0.0
2026-03-31 12:29:42 [DEBUG]   [Energy] fcf -> col 32 = -5.568503514385981e-05
2026-03-31 12:29:42 [DEBUG]   [Energy] net_debt -> col 35 = 16.66251298026999
2026-03-31 12:29:42 [DEBUG] Calcolo net debt: debt=933.5, cash=969.7, ebitda_gp_v5=1167.1999999999998
2026-03-31 12:29:43 [DEBUG] [OB:SUBC] DCF: {'fv': Decimal('41.79'), 'ebitda_gp': 0.28702489725146796, 'ebitda_gnp': 0.0022240253923564435, 'fcf': 0.08284700490120911, 'net_debt': -0.031014393420150832} (valuta: NOK)
2026-03-31 12:29:43 [INFO] [OB:SUBC] EBITDA GP  v1=425.4  v5=1167.1999999999998  CAGR=0.28702489725146796
2026-03-31 12:29:43 [DEBUG] [OB:SUBC] Attesa intra-ticker 0.5 s prima di EV/EBITDA...
2026-03-31 12:29:44 [DEBUG] [OB:SUBC] EV/EBITDA fv_mid: 33.62 (valuta: NOK)
2026-03-31 12:29:44 [DEBUG]   [Energy] fv -> col 8 = 41.79
2026-03-31 12:29:44 [DEBUG]   [Energy] ev_ebitda -> col 12 = 33.62
2026-03-31 12:29:44 [DEBUG]   [Energy] ebitda_gp -> col 26 = 0.28702489725146796
2026-03-31 12:29:44 [DEBUG]   [Energy] ebitda_gnp -> col 29 = 0.0022240253923564435
2026-03-31 12:29:44 [DEBUG]   [Energy] fcf -> col 32 = 0.08284700490120911
2026-03-31 12:29:44 [DEBUG]   [Energy] net_debt -> col 35 = -0.031014393420150832
2026-03-31 12:29:45 [ERROR] [BASE:TGSU2/dcf-growth-exit-5yr] Risposta API senza 'model': {'errors': [{'path': 'model', 'extensions': {'code': 'AnalystWorkbookNotFoundError'}}], 'data': {'model': None}}
2026-03-31 12:29:46 [DEBUG] Calcolo net debt: debt=6702, cash=3715, ebitda_gp_v5=4695.0
2026-03-31 12:29:46 [DEBUG] [NASDAQGS:BKR] DCF: {'fv': 62.16334471240101, 'ebitda_gp': 0.16112184976890442, 'ebitda_gnp': 0.06573836252893606, 'fcf': 0.0713487382852338, 'net_debt': 0.6362087326943557} (valuta: USD)
2026-03-31 12:29:46 [INFO] [NASDAQGS:BKR] EBITDA GP  v1=2583.0  v5=4695.0  CAGR=0.16112184976890442
2026-03-31 12:29:46 [DEBUG] [NASDAQGS:BKR] Attesa intra-ticker 0.3 s prima di EV/EBITDA...
2026-03-31 12:29:46 [DEBUG] [NASDAQGS:BKR] EV/EBITDA fv_mid: 52.69402017208445 (valuta: USD)
2026-03-31 12:29:46 [DEBUG]   [Energy] fv -> col 8 = 62.16334471240101
2026-03-31 12:29:46 [DEBUG]   [Energy] ev_ebitda -> col 12 = 52.69402017208445
2026-03-31 12:29:46 [DEBUG]   [Energy] ebitda_gp -> col 26 = 0.16112184976890442
2026-03-31 12:29:46 [DEBUG]   [Energy] ebitda_gnp -> col 29 = 0.06573836252893606
2026-03-31 12:29:46 [DEBUG]   [Energy] fcf -> col 32 = 0.0713487382852338
2026-03-31 12:29:46 [DEBUG]   [Energy] net_debt -> col 35 = 0.6362087326943557
2026-03-31 12:29:47 [DEBUG] Calcolo net debt: debt=27.903, cash=3701.731, ebitda_gp_v5=7685.443
2026-03-31 12:29:48 [DEBUG] [ADX:ADNOCGAS] DCF: {'fv': Decimal('1.31'), 'ebitda_gp': 0.07299493947514124, 'ebitda_gnp': 0.08436434359725875, 'fcf': 0.22896249933655866, 'net_debt': -0.47802423360631263} (valuta: AED)
2026-03-31 12:29:48 [INFO] [ADX:ADNOCGAS] EBITDA GP  v1=5798.0  v5=7685.443  CAGR=0.07299493947514124
2026-03-31 12:29:48 [DEBUG] [ADX:ADNOCGAS] Attesa intra-ticker 0.4 s prima di EV/EBITDA...
2026-03-31 12:29:49 [DEBUG] [ADX:ADNOCGAS] EV/EBITDA fv_mid: 1.08 (valuta: AED)
2026-03-31 12:29:49 [DEBUG]   [Energy] fv -> col 8 = 1.31
2026-03-31 12:29:49 [DEBUG]   [Energy] ev_ebitda -> col 12 = 1.08
2026-03-31 12:29:49 [DEBUG]   [Energy] ebitda_gp -> col 26 = 0.07299493947514124
2026-03-31 12:29:49 [DEBUG]   [Energy] ebitda_gnp -> col 29 = 0.08436434359725875
2026-03-31 12:29:49 [DEBUG]   [Energy] fcf -> col 32 = 0.22896249933655866
2026-03-31 12:29:49 [DEBUG]   [Energy] net_debt -> col 35 = -0.47802423360631263
2026-03-31 12:29:49 [DEBUG] Calcolo net debt: debt=1698, cash=485, ebitda_gp_v5=655.0
2026-03-31 12:29:49 [DEBUG] [OB:DOFG] DCF: {'fv': Decimal('21.86'), 'ebitda_gp': 0.3468743872305873, 'ebitda_gnp': 0.01858450859063332, 'fcf': 0.19186396911195924, 'net_debt': 1.8519083969465648} (valuta: NOK)
2026-03-31 12:29:49 [INFO] [OB:DOFG] EBITDA GP  v1=199.0365902094  v5=655.0  CAGR=0.3468743872305873
2026-03-31 12:29:49 [DEBUG] [OB:DOFG] Attesa intra-ticker 0.5 s prima di EV/EBITDA...
2026-03-31 12:29:50 [DEBUG] [OB:DOFG] EV/EBITDA fv_mid: 12.99 (valuta: NOK)
2026-03-31 12:29:50 [DEBUG]   [Energy] fv -> col 8 = 21.86
2026-03-31 12:29:50 [DEBUG]   [Energy] ev_ebitda -> col 12 = 12.99
2026-03-31 12:29:50 [DEBUG]   [Energy] ebitda_gp -> col 26 = 0.3468743872305873
2026-03-31 12:29:50 [DEBUG]   [Energy] ebitda_gnp -> col 29 = 0.01858450859063332
2026-03-31 12:29:50 [DEBUG]   [Energy] fcf -> col 32 = 0.19186396911195924
2026-03-31 12:29:50 [DEBUG]   [Energy] net_debt -> col 35 = 1.8519083969465648
2026-03-31 12:29:51 [DEBUG] Calcolo net debt: debt=1012.958, cash=1214.463, ebitda_gp_v5=911.293
2026-03-31 12:29:52 [DEBUG] [TSX:CCO] DCF: {'fv': Decimal('60.65'), 'ebitda_gp': 0.7530257924515895, 'ebitda_gnp': 0.14914646214375327, 'fcf': 0.42674060300849614, 'net_debt': -0.22111988131149915} (valuta: CAD)
2026-03-31 12:29:52 [INFO] [TSX:CCO] EBITDA GP  v1=96.495  v5=911.293  CAGR=0.7530257924515895
2026-03-31 12:29:52 [DEBUG] [TSX:CCO] Attesa intra-ticker 0.4 s prima di EV/EBITDA...
2026-03-31 12:29:52 [DEBUG] [TSX:CCO] EV/EBITDA fv_mid: 79.63 (valuta: CAD)
2026-03-31 12:29:52 [DEBUG]   [Energy] fv -> col 8 = 60.65
2026-03-31 12:29:52 [DEBUG]   [Energy] ev_ebitda -> col 12 = 79.63
2026-03-31 12:29:52 [DEBUG]   [Energy] ebitda_gp -> col 26 = 0.7530257924515895
2026-03-31 12:29:52 [DEBUG]   [Energy] ebitda_gnp -> col 29 = 0.14914646214375327
2026-03-31 12:29:52 [DEBUG]   [Energy] fcf -> col 32 = 0.42674060300849614
2026-03-31 12:29:52 [DEBUG]   [Energy] net_debt -> col 35 = -0.22111988131149915
2026-03-31 12:29:53 [DEBUG] Calcolo net debt: debt=6296.304, cash=2331.518, ebitda_gp_v5=1163.591
2026-03-31 12:29:53 [DEBUG] [TSX:KEY] DCF: {'fv': Decimal('42.44'), 'ebitda_gp': 0.06811142081514165, 'ebitda_gnp': 0.08067885845155298, 'fcf': 0.25452802954905884, 'net_debt': 3.4073708029711476} (valuta: CAD)
2026-03-31 12:29:53 [INFO] [TSX:KEY] EBITDA GP  v1=893.9929999999999  v5=1163.591  CAGR=0.06811142081514165
2026-03-31 12:29:53 [DEBUG] [TSX:KEY] Attesa intra-ticker 0.5 s prima di EV/EBITDA...
2026-03-31 12:29:54 [DEBUG] [TSX:KEY] EV/EBITDA fv_mid: 37.66 (valuta: CAD)
2026-03-31 12:29:54 [DEBUG]   [Energy] fv -> col 8 = 42.44
2026-03-31 12:29:54 [DEBUG]   [Energy] ev_ebitda -> col 12 = 37.66
2026-03-31 12:29:54 [DEBUG]   [Energy] ebitda_gp -> col 26 = 0.06811142081514165
2026-03-31 12:29:54 [DEBUG]   [Energy] ebitda_gnp -> col 29 = 0.08067885845155298
2026-03-31 12:29:54 [DEBUG]   [Energy] fcf -> col 32 = 0.25452802954905884
2026-03-31 12:29:54 [DEBUG]   [Energy] net_debt -> col 35 = 3.4073708029711476
2026-03-31 12:29:55 [DEBUG] Calcolo net debt: debt=2781.406, cash=55.846, ebitda_gp_v5=525.2379999999999
2026-03-31 12:29:55 [DEBUG] [TSX:GEI] DCF: {'fv': Decimal('19.93'), 'ebitda_gp': 0.08340430931275589, 'ebitda_gnp': 0.06439739899885599, 'fcf': 0.13632047135908132, 'net_debt': 5.189190424150576} (valuta: CAD)
2026-03-31 12:29:55 [INFO] [TSX:GEI] EBITDA GP  v1=381.236  v5=525.2379999999999  CAGR=0.08340430931275589
2026-03-31 12:29:55 [DEBUG] [TSX:GEI] Attesa intra-ticker 0.4 s prima di EV/EBITDA...
2026-03-31 12:29:55 [DEBUG] [TSX:GEI] EV/EBITDA fv_mid: 17.73 (valuta: CAD)
2026-03-31 12:29:55 [DEBUG]   [Energy] fv -> col 8 = 19.93
2026-03-31 12:29:55 [DEBUG]   [Energy] ev_ebitda -> col 12 = 17.73
2026-03-31 12:29:55 [DEBUG]   [Energy] ebitda_gp -> col 26 = 0.08340430931275589
2026-03-31 12:29:55 [DEBUG]   [Energy] ebitda_gnp -> col 29 = 0.06439739899885599
2026-03-31 12:29:55 [DEBUG]   [Energy] fcf -> col 32 = 0.13632047135908132
2026-03-31 12:29:55 [DEBUG]   [Energy] net_debt -> col 35 = 5.189190424150576
2026-03-31 12:29:56 [DEBUG] Calcolo net debt: debt=1072.614, cash=332.326, ebitda_gp_v5=1216.351
2026-03-31 12:29:57 [DEBUG] [LSE:SEPL] DCF: {'fv': Decimal('26.80'), 'ebitda_gp': 0.302642579214891, 'ebitda_gnp': 0.12859789838459945, 'fcf': 0.21042731856787533, 'net_debt': 0.60861379651104} (valuta: GBP)
2026-03-31 12:29:57 [INFO] [LSE:SEPL] EBITDA GP  v1=422.433  v5=1216.351  CAGR=0.302642579214891
2026-03-31 12:29:57 [DEBUG] [LSE:SEPL] Attesa intra-ticker 0.5 s prima di EV/EBITDA...
2026-03-31 12:29:57 [DEBUG] [LSE:SEPL] EV/EBITDA fv_mid: 6.18 (valuta: GBP)
2026-03-31 12:29:57 [DEBUG]   [Energy] fv -> col 8 = 26.80
2026-03-31 12:29:57 [DEBUG]   [Energy] ev_ebitda -> col 12 = 6.18
2026-03-31 12:29:57 [DEBUG]   [Energy] ebitda_gp -> col 26 = 0.302642579214891
2026-03-31 12:29:57 [DEBUG]   [Energy] ebitda_gnp -> col 29 = 0.12859789838459945
2026-03-31 12:29:57 [DEBUG]   [Energy] fcf -> col 32 = 0.21042731856787533
2026-03-31 12:29:57 [DEBUG]   [Energy] net_debt -> col 35 = 0.60861379651104
2026-03-31 12:29:58 [DEBUG] Calcolo net debt: debt=17.788, cash=144.809, ebitda_gp_v5=655.567
2026-03-31 12:29:58 [DEBUG] [NYSE:TPL] DCF: {'fv': 356.67938234699585, 'ebitda_gp': 0.14699726950566316, 'ebitda_gnp': 0.051960972015698825, 'fcf': 0.098997844259745, 'net_debt': -0.19375746491205323} (valuta: USD)
2026-03-31 12:29:58 [INFO] [NYSE:TPL] EBITDA GP  v1=378.763  v5=655.567  CAGR=0.14699726950566316
2026-03-31 12:29:58 [DEBUG] [NYSE:TPL] Attesa intra-ticker 0.5 s prima di EV/EBITDA...
2026-03-31 12:29:59 [DEBUG] [NYSE:TPL] EV/EBITDA fv_mid: 400.7708103926775 (valuta: USD)
2026-03-31 12:29:59 [DEBUG]   [Energy] fv -> col 8 = 356.67938234699585
2026-03-31 12:29:59 [DEBUG]   [Energy] ev_ebitda -> col 12 = 400.7708103926775
2026-03-31 12:29:59 [DEBUG]   [Energy] ebitda_gp -> col 26 = 0.14699726950566316
2026-03-31 12:29:59 [DEBUG]   [Energy] ebitda_gnp -> col 29 = 0.051960972015698825
2026-03-31 12:29:59 [DEBUG]   [Energy] fcf -> col 32 = 0.098997844259745
2026-03-31 12:29:59 [DEBUG]   [Energy] net_debt -> col 35 = -0.19375746491205323
2026-03-31 12:30:00 [DEBUG] Calcolo net debt: debt=873.139, cash=695.874, ebitda_gp_v5=406.80699999999996
2026-03-31 12:30:00 [DEBUG] [NYSE:OII] DCF: {'fv': 35.78190858086486, 'ebitda_gp': 0.22692406500444617, 'ebitda_gnp': 0.07182474615078704, 'fcf': 0.026524739093921168, 'net_debt': 0.4357471724921154} (valuta: USD)
2026-03-31 12:30:00 [INFO] [NYSE:OII] EBITDA GP  v1=179.522  v5=406.80699999999996  CAGR=0.22692406500444617
2026-03-31 12:30:00 [DEBUG] [NYSE:OII] Attesa intra-ticker 0.6 s prima di EV/EBITDA...
2026-03-31 12:30:01 [DEBUG] [NYSE:OII] EV/EBITDA fv_mid: 34.25721861707747 (valuta: USD)
2026-03-31 12:30:01 [DEBUG]   [Energy] fv -> col 8 = 35.78190858086486
2026-03-31 12:30:01 [DEBUG]   [Energy] ev_ebitda -> col 12 = 34.25721861707747
2026-03-31 12:30:01 [DEBUG]   [Energy] ebitda_gp -> col 26 = 0.22692406500444617
2026-03-31 12:30:01 [DEBUG]   [Energy] ebitda_gnp -> col 29 = 0.07182474615078704
2026-03-31 12:30:01 [DEBUG]   [Energy] fcf -> col 32 = 0.026524739093921168
2026-03-31 12:30:01 [DEBUG]   [Energy] net_debt -> col 35 = 0.4357471724921154
2026-03-31 12:30:01 [DEBUG] Calcolo net debt: debt=8819.416, cash=819.491, ebitda_gp_v5=2273.7889999999998
2026-03-31 12:30:01 [DEBUG] [NYSE:WES] DCF: {'fv': 51.613831862043774, 'ebitda_gp': 0.07324882064379934, 'ebitda_gnp': 0.05494143980727628, 'fcf': 0.12827639400031732, 'net_debt': 3.518323380049776} (valuta: USD)
2026-03-31 12:30:01 [INFO] [NYSE:WES] EBITDA GP  v1=1713.754  v5=2273.7889999999998  CAGR=0.07324882064379934
2026-03-31 12:30:01 [DEBUG] [NYSE:WES] Attesa intra-ticker 0.3 s prima di EV/EBITDA...
2026-03-31 12:30:02 [DEBUG] [NYSE:WES] EV/EBITDA fv_mid: 38.705420549813695 (valuta: USD)
2026-03-31 12:30:02 [DEBUG]   [Energy] fv -> col 8 = 51.613831862043774
2026-03-31 12:30:02 [DEBUG]   [Energy] ev_ebitda -> col 12 = 38.705420549813695
2026-03-31 12:30:02 [DEBUG]   [Energy] ebitda_gp -> col 26 = 0.07324882064379934
2026-03-31 12:30:02 [DEBUG]   [Energy] ebitda_gnp -> col 29 = 0.05494143980727628
2026-03-31 12:30:02 [DEBUG]   [Energy] fcf -> col 32 = 0.12827639400031732
2026-03-31 12:30:02 [DEBUG]   [Energy] net_debt -> col 35 = 3.518323380049776
2026-03-31 12:30:03 [DEBUG] Calcolo net debt: debt=20310.095, cash=2822.183, ebitda_gp_v5=2896.321
2026-03-31 12:30:03 [DEBUG] [DSM:QGTS] DCF: {'fv': Decimal('0.75'), 'ebitda_gp': 0.013367311583122321, 'ebitda_gnp': 0.18127016651355943, 'fcf': 0.346703610299385, 'net_debt': 6.037974381983212} (valuta: QAR)
2026-03-31 12:30:03 [INFO] [DSM:QGTS] EBITDA GP  v1=2746.497  v5=2896.321  CAGR=0.013367311583122321
2026-03-31 12:30:03 [DEBUG] [DSM:QGTS] Attesa intra-ticker 0.5 s prima di EV/EBITDA...
2026-03-31 12:30:04 [DEBUG] [DSM:QGTS] EV/EBITDA fv_mid: 1.10 (valuta: QAR)
2026-03-31 12:30:04 [DEBUG]   [Energy] fv -> col 8 = 0.75
2026-03-31 12:30:04 [DEBUG]   [Energy] ev_ebitda -> col 12 = 1.10
2026-03-31 12:30:04 [DEBUG]   [Energy] ebitda_gp -> col 26 = 0.013367311583122321
2026-03-31 12:30:04 [DEBUG]   [Energy] ebitda_gnp -> col 29 = 0.18127016651355943
2026-03-31 12:30:04 [DEBUG]   [Energy] fcf -> col 32 = 0.346703610299385
2026-03-31 12:30:04 [DEBUG]   [Energy] net_debt -> col 35 = 6.037974381983212
2026-03-31 12:30:05 [DEBUG] Calcolo net debt: debt=9155, cash=1086, ebitda_gp_v5=1803.0
2026-03-31 12:30:05 [DEBUG] [ENXTAM:SBMO] DCF: {'fv': Decimal('0.00'), 'ebitda_gp': 0.22258918018563345, 'ebitda_gnp': -0.1146890176379608, 'fcf': -0.05520726218997385, 'net_debt': 4.475318912922906} (valuta: EUR)
2026-03-31 12:30:05 [INFO] [ENXTAM:SBMO] EBITDA GP  v1=807.0  v5=1803.0  CAGR=0.22258918018563345
2026-03-31 12:30:05 [DEBUG] [ENXTAM:SBMO] Attesa intra-ticker 0.5 s prima di EV/EBITDA...
2026-03-31 12:30:06 [DEBUG] [ENXTAM:SBMO] EV/EBITDA fv_mid: 36.39 (valuta: EUR)
2026-03-31 12:30:06 [DEBUG]   [Energy] fv -> col 8 = 0.00
2026-03-31 12:30:06 [DEBUG]   [Energy] ev_ebitda -> col 12 = 36.39
2026-03-31 12:30:06 [DEBUG]   [Energy] ebitda_gp -> col 26 = 0.22258918018563345
2026-03-31 12:30:06 [DEBUG]   [Energy] ebitda_gnp -> col 29 = -0.1146890176379608
2026-03-31 12:30:06 [DEBUG]   [Energy] fcf -> col 32 = -0.05520726218997385
2026-03-31 12:30:06 [DEBUG]   [Energy] net_debt -> col 35 = 4.475318912922906
2026-03-31 12:30:07 [DEBUG] Calcolo net debt: debt=26162, cash=2137, ebitda_gp_v5=6113.0
2026-03-31 12:30:07 [DEBUG] [NYSE:MPLX] DCF: {'fv': 59.63962588939784, 'ebitda_gp': 0.051528620634372135, 'ebitda_gnp': 0.04275236063981436, 'fcf': 0.1271507974731243, 'net_debt': 3.930148863078685} (valuta: USD)
2026-03-31 12:30:07 [INFO] [NYSE:MPLX] EBITDA GP  v1=5000.0  v5=6113.0  CAGR=0.051528620634372135
2026-03-31 12:30:07 [DEBUG] [NYSE:MPLX] Attesa intra-ticker 0.5 s prima di EV/EBITDA...
2026-03-31 12:30:07 [DEBUG] [NYSE:MPLX] EV/EBITDA fv_mid: 47.368576693950786 (valuta: USD)
2026-03-31 12:30:07 [DEBUG]   [Energy] fv -> col 8 = 59.63962588939784
2026-03-31 12:30:07 [DEBUG]   [Energy] ev_ebitda -> col 12 = 47.368576693950786
2026-03-31 12:30:07 [DEBUG]   [Energy] ebitda_gp -> col 26 = 0.051528620634372135
2026-03-31 12:30:07 [DEBUG]   [Energy] ebitda_gnp -> col 29 = 0.04275236063981436
2026-03-31 12:30:07 [DEBUG]   [Energy] fcf -> col 32 = 0.1271507974731243
2026-03-31 12:30:07 [DEBUG]   [Energy] net_debt -> col 35 = 3.930148863078685
2026-03-31 12:30:08 [DEBUG] Calcolo net debt: debt=686.241, cash=578.761, ebitda_gp_v5=426.76300000000003
2026-03-31 12:30:08 [DEBUG] [NYSE:TDW] DCF: {'fv': 115.88003467141651, 'ebitda_gp': None, 'ebitda_gnp': 0.048401618485793385, 'fcf': 0.10327794121102274, 'net_debt': 0.25184938713056193} (valuta: USD)
2026-03-31 12:30:08 [INFO] [NYSE:TDW] EBITDA GP  v1=-3.042999999999992  v5=426.76300000000003  CAGR=None
2026-03-31 12:30:08 [DEBUG] [NYSE:TDW] Attesa intra-ticker 0.3 s prima di EV/EBITDA...
2026-03-31 12:30:09 [DEBUG] [NYSE:TDW] EV/EBITDA fv_mid: 64.12830964407581 (valuta: USD)
2026-03-31 12:30:09 [DEBUG]   [Energy] fv -> col 8 = 115.88003467141651
2026-03-31 12:30:09 [DEBUG]   [Energy] ev_ebitda -> col 12 = 64.12830964407581
2026-03-31 12:30:09 [DEBUG]   [Energy] ebitda_gnp -> col 29 = 0.048401618485793385
2026-03-31 12:30:09 [DEBUG]   [Energy] fcf -> col 32 = 0.10327794121102274
2026-03-31 12:30:09 [DEBUG]   [Energy] net_debt -> col 35 = 0.25184938713056193
2026-03-31 12:30:10 [DEBUG] Calcolo net debt: debt=1342.6, cash=1040, ebitda_gp_v5=1823.0
2026-03-31 12:30:10 [DEBUG] [NYSE:FTI] DCF: {'fv': 86.65518260575676, 'ebitda_gp': 0.40788496811040864, 'ebitda_gnp': 0.035773606908285016, 'fcf': 0.06453024717077427, 'net_debt': 0.16599012616566095} (valuta: USD)
2026-03-31 12:30:10 [INFO] [NYSE:FTI] EBITDA GP  v1=464.0  v5=1823.0  CAGR=0.40788496811040864
2026-03-31 12:30:10 [DEBUG] [NYSE:FTI] Attesa intra-ticker 0.4 s prima di EV/EBITDA...
2026-03-31 12:30:10 [DEBUG] [NYSE:FTI] EV/EBITDA fv_mid: 60.343883728540064 (valuta: USD)
2026-03-31 12:30:10 [DEBUG]   [Energy] fv -> col 8 = 86.65518260575676
2026-03-31 12:30:10 [DEBUG]   [Energy] ev_ebitda -> col 12 = 60.343883728540064
2026-03-31 12:30:10 [DEBUG]   [Energy] ebitda_gp -> col 26 = 0.40788496811040864
2026-03-31 12:30:10 [DEBUG]   [Energy] ebitda_gnp -> col 29 = 0.035773606908285016
2026-03-31 12:30:10 [DEBUG]   [Energy] fcf -> col 32 = 0.06453024717077427
2026-03-31 12:30:10 [DEBUG]   [Energy] net_debt -> col 35 = 0.16599012616566095
2026-03-31 12:30:11 [DEBUG] Calcolo net debt: debt=2425.427, cash=1.553, ebitda_gp_v5=832.587
2026-03-31 12:30:11 [DEBUG] [NYSE:AROC] DCF: {'fv': 37.35782524157407, 'ebitda_gp': 0.2746762732972987, 'ebitda_gnp': 0.06887151308743866, 'fcf': 0.25471542474408193, 'net_debt': 2.911256120981952} (valuta: USD)
2026-03-31 12:30:11 [INFO] [NYSE:AROC] EBITDA GP  v1=315.37700000000007  v5=832.587  CAGR=0.2746762732972987
2026-03-31 12:30:11 [DEBUG] [NYSE:AROC] Attesa intra-ticker 0.3 s prima di EV/EBITDA...
2026-03-31 12:30:11 [DEBUG] [NYSE:AROC] EV/EBITDA fv_mid: 32.936915336255794 (valuta: USD)
2026-03-31 12:30:11 [DEBUG]   [Energy] fv -> col 8 = 37.35782524157407
2026-03-31 12:30:11 [DEBUG]   [Energy] ev_ebitda -> col 12 = 32.936915336255794
2026-03-31 12:30:11 [DEBUG]   [Energy] ebitda_gp -> col 26 = 0.2746762732972987
2026-03-31 12:30:11 [DEBUG]   [Energy] ebitda_gnp -> col 29 = 0.06887151308743866
2026-03-31 12:30:11 [DEBUG]   [Energy] fcf -> col 32 = 0.25471542474408193
2026-03-31 12:30:11 [DEBUG]   [Energy] net_debt -> col 35 = 2.911256120981952
2026-03-31 12:30:13 [DEBUG] Calcolo net debt: debt=1095.67, cash=2808.861, ebitda_gp_v5=815.2979999999999
2026-03-31 12:30:13 [DEBUG] [DSM:QFLS] DCF: {'fv': Decimal('4.80'), 'ebitda_gp': -0.009102495288720647, 'ebitda_gnp': 0.04015806008042655, 'fcf': 0.09315051254814422, 'net_debt': -2.101306516145017} (valuta: QAR)
2026-03-31 12:30:13 [INFO] [DSM:QFLS] EBITDA GP  v1=845.6709999999999  v5=815.2979999999999  CAGR=-0.009102495288720647
2026-03-31 12:30:13 [DEBUG] [DSM:QFLS] Attesa intra-ticker 0.4 s prima di EV/EBITDA...
2026-03-31 12:30:13 [DEBUG] [DSM:QFLS] EV/EBITDA fv_mid: 4.25 (valuta: QAR)
2026-03-31 12:30:13 [DEBUG]   [Energy] fv -> col 8 = 4.80
2026-03-31 12:30:13 [DEBUG]   [Energy] ev_ebitda -> col 12 = 4.25
2026-03-31 12:30:13 [DEBUG]   [Energy] ebitda_gp -> col 26 = -0.009102495288720647
2026-03-31 12:30:13 [DEBUG]   [Energy] ebitda_gnp -> col 29 = 0.04015806008042655
2026-03-31 12:30:13 [DEBUG]   [Energy] fcf -> col 32 = 0.09315051254814422
2026-03-31 12:30:13 [DEBUG]   [Energy] net_debt -> col 35 = -2.101306516145017
2026-03-31 12:30:14 [DEBUG] Calcolo net debt: debt=1031.879, cash=337.794, ebitda_gp_v5=1317.595
2026-03-31 12:30:14 [DEBUG] [ADX:ADNOCLS] DCF: {'fv': Decimal('1.45'), 'ebitda_gp': 0.7042284101914222, 'ebitda_gnp': 0.056902376066417126, 'fcf': 'NM', 'net_debt': 0.5267817500825367} (valuta: AED)
2026-03-31 12:30:14 [INFO] [ADX:ADNOCLS] EBITDA GP  v1=156.19629729439998  v5=1317.595  CAGR=0.7042284101914222
2026-03-31 12:30:14 [DEBUG] [ADX:ADNOCLS] Attesa intra-ticker 0.5 s prima di EV/EBITDA...
2026-03-31 12:30:15 [DEBUG] [ADX:ADNOCLS] EV/EBITDA fv_mid: 1.44 (valuta: AED)
2026-03-31 12:30:15 [DEBUG]   [Energy] fv -> col 8 = 1.45
2026-03-31 12:30:15 [DEBUG]   [Energy] ev_ebitda -> col 12 = 1.44
2026-03-31 12:30:15 [DEBUG]   [Energy] ebitda_gp -> col 26 = 0.7042284101914222
2026-03-31 12:30:15 [DEBUG]   [Energy] ebitda_gnp -> col 29 = 0.056902376066417126
2026-03-31 12:30:15 [DEBUG]   [Energy] fcf -> col 32 = NM
2026-03-31 12:30:15 [DEBUG]   [Energy] net_debt -> col 35 = 0.5267817500825367
2026-03-31 12:30:16 [DEBUG] Calcolo net debt: debt=37677, cash=26598, ebitda_gp_v5=39458.0
2026-03-31 12:30:16 [DEBUG] [WSE:PKN] DCF: {'fv': Decimal('28.95'), 'ebitda_gp': 0.23510225644795435, 'ebitda_gnp': 0.004749829685955609, 'fcf': 0.35141241837426107, 'net_debt': 0.28077956307973034} (valuta: PLN)
2026-03-31 12:30:16 [INFO] [WSE:PKN] EBITDA GP  v1=16956.0  v5=39458.0  CAGR=0.23510225644795435
2026-03-31 12:30:16 [DEBUG] [WSE:PKN] Attesa intra-ticker 0.6 s prima di EV/EBITDA...
2026-03-31 12:30:17 [DEBUG] [WSE:PKN] EV/EBITDA fv_mid: 34.19 (valuta: PLN)
2026-03-31 12:30:17 [DEBUG]   [Energy] fv -> col 8 = 28.95
2026-03-31 12:30:17 [DEBUG]   [Energy] ev_ebitda -> col 12 = 34.19
2026-03-31 12:30:17 [DEBUG]   [Energy] ebitda_gp -> col 26 = 0.23510225644795435
2026-03-31 12:30:17 [DEBUG]   [Energy] ebitda_gnp -> col 29 = 0.004749829685955609
2026-03-31 12:30:17 [DEBUG]   [Energy] fcf -> col 32 = 0.35141241837426107
2026-03-31 12:30:17 [DEBUG]   [Energy] net_debt -> col 35 = 0.28077956307973034
2026-03-31 12:30:18 [DEBUG] Calcolo net debt: debt=4006, cash=114, ebitda_gp_v5=4832.0
2026-03-31 12:30:18 [DEBUG] [NYSE:CTRA] DCF: {'fv': 46.88378618629674, 'ebitda_gp': 0.2093518510312482, 'ebitda_gnp': 0.05369651914776208, 'fcf': 0.12928030833667847, 'net_debt': 0.8054635761589404} (valuta: USD)
2026-03-31 12:30:18 [INFO] [NYSE:CTRA] EBITDA GP  v1=2259.0  v5=4832.0  CAGR=0.2093518510312482
2026-03-31 12:30:18 [DEBUG] [NYSE:CTRA] Attesa intra-ticker 0.5 s prima di EV/EBITDA...
2026-03-31 12:30:19 [DEBUG] [NYSE:CTRA] EV/EBITDA fv_mid: 40.73504554589198 (valuta: USD)
2026-03-31 12:30:19 [DEBUG]   [Energy] fv -> col 8 = 46.88378618629674
2026-03-31 12:30:19 [DEBUG]   [Energy] ev_ebitda -> col 12 = 40.73504554589198
2026-03-31 12:30:19 [DEBUG]   [Energy] ebitda_gp -> col 26 = 0.2093518510312482
2026-03-31 12:30:19 [DEBUG]   [Energy] ebitda_gnp -> col 29 = 0.05369651914776208
2026-03-31 12:30:19 [DEBUG]   [Energy] fcf -> col 32 = 0.12928030833667847
2026-03-31 12:30:19 [DEBUG]   [Energy] net_debt -> col 35 = 0.8054635761589404
2026-03-31 12:30:20 [DEBUG] Calcolo net debt: debt=1035591, cash=529525, ebitda_gp_v5=1000467.0
2026-03-31 12:30:20 [DEBUG] [BUSE:MOL] DCF: {'fv': Decimal('23.42'), 'ebitda_gp': -0.010292193135323813, 'ebitda_gnp': 0.005535616927124343, 'fcf': 0.019535182080484548, 'net_debt': 0.5058297774939103} (valuta: HUF)
2026-03-31 12:30:20 [INFO] [BUSE:MOL] EBITDA GP  v1=1042737.0  v5=1000467.0  CAGR=-0.010292193135323813
2026-03-31 12:30:20 [DEBUG] [BUSE:MOL] Attesa intra-ticker 0.5 s prima di EV/EBITDA...
2026-03-31 12:30:21 [DEBUG] [BUSE:MOL] EV/EBITDA fv_mid: 12.62 (valuta: HUF)
2026-03-31 12:30:21 [DEBUG]   [Energy] fv -> col 8 = 23.42
2026-03-31 12:30:21 [DEBUG]   [Energy] ev_ebitda -> col 12 = 12.62
2026-03-31 12:30:21 [DEBUG]   [Energy] ebitda_gp -> col 26 = -0.010292193135323813
2026-03-31 12:30:21 [DEBUG]   [Energy] ebitda_gnp -> col 29 = 0.005535616927124343
2026-03-31 12:30:21 [DEBUG]   [Energy] fcf -> col 32 = 0.019535182080484548
2026-03-31 12:30:21 [DEBUG]   [Energy] net_debt -> col 35 = 0.5058297774939103
2026-03-31 12:30:22 [DEBUG] Calcolo net debt: debt=1158.9, cash=599.4, ebitda_gp_v5=641.3
2026-03-31 12:30:22 [DEBUG] [NYSE:VAL] DCF: {'fv': 124.43297654880861, 'ebitda_gp': 0.6351861470453424, 'ebitda_gnp': 0.21576473535180818, 'fcf': 0.15952564162266025, 'net_debt': 0.8724465928582569} (valuta: USD)
2026-03-31 12:30:22 [INFO] [NYSE:VAL] EBITDA GP  v1=89.69999999999999  v5=641.3  CAGR=0.6351861470453424
2026-03-31 12:30:22 [DEBUG] [NYSE:VAL] Attesa intra-ticker 0.5 s prima di EV/EBITDA...
2026-03-31 12:30:23 [DEBUG] [NYSE:VAL] EV/EBITDA fv_mid: 113.4382454152334 (valuta: USD)
2026-03-31 12:30:23 [DEBUG]   [Energy] fv -> col 8 = 124.43297654880861
2026-03-31 12:30:23 [DEBUG]   [Energy] ev_ebitda -> col 12 = 113.4382454152334
2026-03-31 12:30:23 [DEBUG]   [Energy] ebitda_gp -> col 26 = 0.6351861470453424
2026-03-31 12:30:23 [DEBUG]   [Energy] ebitda_gnp -> col 29 = 0.21576473535180818
2026-03-31 12:30:23 [DEBUG]   [Energy] fcf -> col 32 = 0.15952564162266025
2026-03-31 12:30:23 [DEBUG]   [Energy] net_debt -> col 35 = 0.8724465928582569
2026-03-31 12:30:23 [DEBUG] Calcolo net debt: debt=13443.234, cash=1347.042, ebitda_gp_v5=2289.134
2026-03-31 12:30:24 [DEBUG] [SASE:2382] DCF: {'fv': Decimal('6.80'), 'ebitda_gp': 0.3980807531022943, 'ebitda_gnp': 0.10362570968792029, 'fcf': 'NM', 'net_debt': 5.284178208877244} (valuta: SAR)
2026-03-31 12:30:24 [INFO] [SASE:2382] EBITDA GP  v1=599.159139  v5=2289.134  CAGR=0.3980807531022943
2026-03-31 12:30:24 [DEBUG] [SASE:2382] Attesa intra-ticker 0.4 s prima di EV/EBITDA...
2026-03-31 12:30:25 [DEBUG] [SASE:2382] EV/EBITDA fv_mid: 5.04 (valuta: SAR)
2026-03-31 12:30:25 [DEBUG]   [Energy] fv -> col 8 = 6.80
2026-03-31 12:30:25 [DEBUG]   [Energy] ev_ebitda -> col 12 = 5.04
2026-03-31 12:30:25 [DEBUG]   [Energy] ebitda_gp -> col 26 = 0.3980807531022943
2026-03-31 12:30:25 [DEBUG]   [Energy] ebitda_gnp -> col 29 = 0.10362570968792029
2026-03-31 12:30:25 [DEBUG]   [Energy] fcf -> col 32 = NM
2026-03-31 12:30:25 [DEBUG]   [Energy] net_debt -> col 35 = 5.284178208877244
2026-03-31 12:30:26 [DEBUG] Calcolo net debt: debt=5108, cash=616, ebitda_gp_v5=5615.0
2026-03-31 12:30:26 [DEBUG] [NASDAQGS:EXE] DCF: {'fv': 131.7623039531157, 'ebitda_gp': 0.327693722948448, 'ebitda_gnp': 0.0031543206417277148, 'fcf': -0.032558947122207305, 'net_debt': 0.8} (valuta: USD)
2026-03-31 12:30:26 [INFO] [NASDAQGS:EXE] EBITDA GP  v1=1807.0  v5=5615.0  CAGR=0.327693722948448
2026-03-31 12:30:26 [DEBUG] [NASDAQGS:EXE] Attesa intra-ticker 0.4 s prima di EV/EBITDA...
2026-03-31 12:30:26 [DEBUG] [NASDAQGS:EXE] EV/EBITDA fv_mid: 133.51038531824366 (valuta: USD)
2026-03-31 12:30:26 [DEBUG]   [Energy] fv -> col 8 = 131.7623039531157
2026-03-31 12:30:26 [DEBUG]   [Energy] ev_ebitda -> col 12 = 133.51038531824366
2026-03-31 12:30:26 [DEBUG]   [Energy] ebitda_gp -> col 26 = 0.327693722948448
2026-03-31 12:30:26 [DEBUG]   [Energy] ebitda_gnp -> col 29 = 0.0031543206417277148
2026-03-31 12:30:26 [DEBUG]   [Energy] fcf -> col 32 = -0.032558947122207305
2026-03-31 12:30:26 [DEBUG]   [Energy] net_debt -> col 35 = 0.8
2026-03-31 12:30:27 [DEBUG] Calcolo net debt: debt=903.902, cash=1143.372, ebitda_gp_v5=300.17
2026-03-31 12:30:27 [DEBUG] [BME:TRE] DCF: {'fv': Decimal('59.51'), 'ebitda_gp': None, 'ebitda_gnp': 0.025938267126524694, 'fcf': 0.05750418764956744, 'net_debt': -0.7977812572875371} (valuta: EUR)
2026-03-31 12:30:27 [INFO] [BME:TRE] EBITDA GP  v1=-159.784  v5=300.17  CAGR=None
2026-03-31 12:30:27 [DEBUG] [BME:TRE] Attesa intra-ticker 0.3 s prima di EV/EBITDA...
2026-03-31 12:30:28 [DEBUG] [BME:TRE] EV/EBITDA fv_mid: 30.54 (valuta: EUR)
2026-03-31 12:30:28 [DEBUG]   [Energy] fv -> col 8 = 59.51
2026-03-31 12:30:28 [DEBUG]   [Energy] ev_ebitda -> col 12 = 30.54
2026-03-31 12:30:28 [DEBUG]   [Energy] ebitda_gnp -> col 29 = 0.025938267126524694
2026-03-31 12:30:28 [DEBUG]   [Energy] fcf -> col 32 = 0.05750418764956744
2026-03-31 12:30:28 [DEBUG]   [Energy] net_debt -> col 35 = -0.7977812572875371
2026-03-31 12:30:29 [DEBUG] Calcolo net debt: debt=3372, cash=54, ebitda_gp_v5=872.0
2026-03-31 12:30:29 [DEBUG] [NYSE:DTM] DCF: {'fv': 99.16223173347758, 'ebitda_gp': 0.09569650805384744, 'ebitda_gnp': 0.09016527305576494, 'fcf': 0.25257000953896136, 'net_debt': 3.805045871559633} (valuta: USD)
2026-03-31 12:30:29 [INFO] [NYSE:DTM] EBITDA GP  v1=605.0  v5=872.0  CAGR=0.09569650805384744
2026-03-31 12:30:29 [DEBUG] [NYSE:DTM] Attesa intra-ticker 0.4 s prima di EV/EBITDA...
2026-03-31 12:30:29 [DEBUG] [NYSE:DTM] EV/EBITDA fv_mid: 102.34616577227337 (valuta: USD)
2026-03-31 12:30:29 [DEBUG]   [Energy] fv -> col 8 = 99.16223173347758
2026-03-31 12:30:29 [DEBUG]   [Energy] ev_ebitda -> col 12 = 102.34616577227337
2026-03-31 12:30:29 [DEBUG]   [Energy] ebitda_gp -> col 26 = 0.09569650805384744
2026-03-31 12:30:29 [DEBUG]   [Energy] ebitda_gnp -> col 29 = 0.09016527305576494
2026-03-31 12:30:29 [DEBUG]   [Energy] fcf -> col 32 = 0.25257000953896136
2026-03-31 12:30:29 [DEBUG]   [Energy] net_debt -> col 35 = 3.805045871559633
2026-03-31 12:30:39 [DEBUG] Calcolo net debt: debt=3222.53, cash=180.435, ebitda_gp_v5=937.261
2026-03-31 12:30:39 [DEBUG] [NYSE:AM] DCF: {'fv': 24.756952433320365, 'ebitda_gp': 0.05945794905883384, 'ebitda_gnp': 0.05248005406389056, 'fcf': 0.11874058096526907, 'net_debt': 3.2457287777897514} (valuta: USD)
2026-03-31 12:30:39 [INFO] [NYSE:AM] EBITDA GP  v1=743.9190000000001  v5=937.261  CAGR=0.05945794905883384
2026-03-31 12:30:39 [DEBUG] [NYSE:AM] Attesa intra-ticker 0.4 s prima di EV/EBITDA...
2026-03-31 12:30:39 [DEBUG] [NYSE:AM] EV/EBITDA fv_mid: 19.044651164852656 (valuta: USD)
2026-03-31 12:30:39 [DEBUG]   [Energy] fv -> col 8 = 24.756952433320365
2026-03-31 12:30:39 [DEBUG]   [Energy] ev_ebitda -> col 12 = 19.044651164852656
2026-03-31 12:30:39 [DEBUG]   [Energy] ebitda_gp -> col 26 = 0.05945794905883384
2026-03-31 12:30:39 [DEBUG]   [Energy] ebitda_gnp -> col 29 = 0.05248005406389056
2026-03-31 12:30:39 [DEBUG]   [Energy] fcf -> col 32 = 0.11874058096526907
2026-03-31 12:30:39 [DEBUG]   [Energy] net_debt -> col 35 = 3.2457287777897514
2026-03-31 12:30:40 [DEBUG] Calcolo net debt: debt=923.045, cash=964.767, ebitda_gp_v5=787.99
2026-03-31 12:30:40 [DEBUG] [ENXTPA:VK] DCF: {'fv': Decimal('35.86'), 'ebitda_gp': 0.13581358792099474, 'ebitda_gnp': 0.051680278991446116, 'fcf': 0.059084747459694276, 'net_debt': -0.05294737242858424} (valuta: EUR)
2026-03-31 12:30:40 [INFO] [ENXTPA:VK] EBITDA GP  v1=473.47  v5=787.99  CAGR=0.13581358792099474
2026-03-31 12:30:40 [DEBUG] [ENXTPA:VK] Attesa intra-ticker 0.5 s prima di EV/EBITDA...
2026-03-31 12:30:41 [DEBUG] [ENXTPA:VK] EV/EBITDA fv_mid: 25.50 (valuta: EUR)
2026-03-31 12:30:41 [DEBUG]   [Energy] fv -> col 8 = 35.86
2026-03-31 12:30:41 [DEBUG]   [Energy] ev_ebitda -> col 12 = 25.50
2026-03-31 12:30:41 [DEBUG]   [Energy] ebitda_gp -> col 26 = 0.13581358792099474
2026-03-31 12:30:41 [DEBUG]   [Energy] ebitda_gnp -> col 29 = 0.051680278991446116
2026-03-31 12:30:41 [DEBUG]   [Energy] fcf -> col 32 = 0.059084747459694276
2026-03-31 12:30:41 [DEBUG]   [Energy] net_debt -> col 35 = -0.05294737242858424
